<?xml version="1.0" encoding="UTF-8"?>
<!-- Generated by org.testng.reporters.JUnitXMLReporter -->
<testsuite hostname="DESKTOP-GF47L8C" ignored="0" name="Default test" tests="67" failures="0" timestamp="2020-03-31T15:32:54 IST" time="1015.226" errors="0">
  <testcase name="NavigationtoLanguagesScreen" time="4.791" classname="Handzap.TestCases.Runner"/>
  <testcase name="Loginnavigation" time="7.471" classname="Handzap.TestCases.Runner"/>
  <testcase name="SignupNavigation" time="8.478" classname="Handzap.TestCases.Runner"/>
  <testcase name="CreateAccountwithInvalidPhoneNumber" time="14.759" classname="Handzap.TestCases.Runner"/>
  <testcase name="CreateAccountwithInvalidFullName" time="11.547" classname="Handzap.TestCases.Runner"/>
  <testcase name="CreateAccountwithInvalidPassword" time="10.997" classname="Handzap.TestCases.Runner"/>
  <testcase name="CreateAccountwithRegisterednumber" time="10.529" classname="Handzap.TestCases.Runner"/>
  <testcase name="CreateAccountwithnumberirrespectivetocountry" time="8.512" classname="Handzap.TestCases.Runner"/>
  <testcase name="login" time="17.041" classname="Handzap.TestCases.Runner"/>
  <testcase name="CreateNewPost" time="50.074" classname="Handzap.TestCases.Runner"/>
  <testcase name="editpostformultidaysjob" time="24.537" classname="Handzap.TestCases.Runner"/>
  <testcase name="editpostasrecurringjob" time="23.625" classname="Handzap.TestCases.Runner"/>
  <testcase name="editpostassamedayjob" time="23.38" classname="Handzap.TestCases.Runner"/>
  <testcase name="editpostforpaymentmethodascash" time="22.456" classname="Handzap.TestCases.Runner"/>
  <testcase name="editpostforpaymentmethodasEpayment" time="22.881" classname="Handzap.TestCases.Runner"/>
  <testcase name="editpostforpaymentmethodasFixedBudget" time="22.536" classname="Handzap.TestCases.Runner"/>
  <testcase name="editpostforpaymentmethodasHourlyRate" time="22.86" classname="Handzap.TestCases.Runner"/>
  <testcase name="InviteFavourites" time="13.924" classname="Handzap.TestCases.Runner"/>
  <testcase name="DisableNotificationsforPost" time="7.343" classname="Handzap.TestCases.Runner"/>
  <testcase name="EnableNotificationsforPost" time="7.394" classname="Handzap.TestCases.Runner"/>
  <testcase name="PausePost" time="8.391" classname="Handzap.TestCases.Runner"/>
  <testcase name="ResumePost" time="8.256" classname="Handzap.TestCases.Runner"/>
  <testcase name="Cancelfordeletepost" time="10.11" classname="Handzap.TestCases.Runner"/>
  <testcase name="deletePost" time="11.952" classname="Handzap.TestCases.Runner"/>
  <testcase name="DisableNotificationsforsearch" time="11.793" classname="Handzap.TestCases.Runner"/>
  <testcase name="EnableNotificationsforsearch" time="8.316" classname="Handzap.TestCases.Runner"/>
  <testcase name="Pausesearch" time="9.179" classname="Handzap.TestCases.Runner"/>
  <testcase name="Resumesearch" time="8.28" classname="Handzap.TestCases.Runner"/>
  <testcase name="EditsearchRatefieldasFixedBudget" time="19.177" classname="Handzap.TestCases.Runner"/>
  <testcase name="EditsearchRatefieldasHourlyRate" time="15.527" classname="Handzap.TestCases.Runner"/>
  <testcase name="EditsearchPaymentMethodasEPayment" time="22.997" classname="Handzap.TestCases.Runner"/>
  <testcase name="EditsearchPaymentMethodasCash" time="23.831" classname="Handzap.TestCases.Runner"/>
  <testcase name="SearchRadiustoFiveKms" time="17.702" classname="Handzap.TestCases.Runner"/>
  <testcase name="SearchRadiustoTenKms" time="17.804" classname="Handzap.TestCases.Runner"/>
  <testcase name="SearchRadiustoTwentyFiveKms" time="16.341" classname="Handzap.TestCases.Runner"/>
  <testcase name="SearchRadiustoFiftyKms" time="16.451" classname="Handzap.TestCases.Runner"/>
  <testcase name="SearchRadiustoHundredKms" time="16.262" classname="Handzap.TestCases.Runner"/>
  <testcase name="SearchRadiustoTwoFiftyKms" time="13.168" classname="Handzap.TestCases.Runner"/>
  <testcase name="JobtermFieldasRecurring" time="15.211" classname="Handzap.TestCases.Runner"/>
  <testcase name="JobtermFieldasSameDayJob" time="14.857" classname="Handzap.TestCases.Runner"/>
  <testcase name="JobtermFieldasMultiDaysJob" time="15.049" classname="Handzap.TestCases.Runner"/>
  <testcase name="CancelSearch" time="9.758" classname="Handzap.TestCases.Runner"/>
  <testcase name="deletesearch" time="12.928" classname="Handzap.TestCases.Runner"/>
  <testcase name="UpdateNamewithInValidData" time="20.749" classname="Handzap.TestCases.Runner"/>
  <testcase name="UpdateNamewithValidData" time="12.027" classname="Handzap.TestCases.Runner"/>
  <testcase name="AddEmailwithInValidData" time="12.808" classname="Handzap.TestCases.Runner"/>
  <testcase name="AddEmailwithValidData" time="14.443" classname="Handzap.TestCases.Runner"/>
  <testcase name="DifferentPasswords" time="20.207" classname="Handzap.TestCases.Runner"/>
  <testcase name="UpdatePasswordwithInvalidOTP" time="43.809" classname="Handzap.TestCases.Runner"/>
  <testcase name="turnOntwoStepVerification" time="8.061" classname="Handzap.TestCases.Runner"/>
  <testcase name="DeletethePicture" time="14.297" classname="Handzap.TestCases.Runner"/>
  <testcase name="Settings" time="11.547" classname="Handzap.TestCases.Runner"/>
  <testcase name="DisableAudiocallforPost" time="9.923" classname="Handzap.TestCases.Runner"/>
  <testcase name="DisableVideocallforPost" time="12.063" classname="Handzap.TestCases.Runner"/>
  <testcase name="DisableAlertsforPost" time="9.752" classname="Handzap.TestCases.Runner"/>
  <testcase name="DisableAllNotificationsforPost" time="11.81" classname="Handzap.TestCases.Runner"/>
  <testcase name="DisableAudiocallforSearch" time="11.8" classname="Handzap.TestCases.Runner"/>
  <testcase name="DisableVideocallforSearch" time="9.834" classname="Handzap.TestCases.Runner"/>
  <testcase name="DisableAlertsforSearch" time="9.935" classname="Handzap.TestCases.Runner"/>
  <testcase name="DisableAllNotificationsforSearch" time="10.559" classname="Handzap.TestCases.Runner"/>
  <testcase name="DoNotDisturbforAlways" time="10.99" classname="Handzap.TestCases.Runner"/>
  <testcase name="DoNotDisturbforSchedulded" time="25.248" classname="Handzap.TestCases.Runner"/>
  <testcase name="DisablePosterInvitation" time="9.691" classname="Handzap.TestCases.Runner"/>
  <testcase name="RetentionforSixMonths" time="16.54" classname="Handzap.TestCases.Runner"/>
  <testcase name="RetentionforNineMonths" time="13.715" classname="Handzap.TestCases.Runner"/>
  <testcase name="RetentionforTwelveMonths" time="13.624" classname="Handzap.TestCases.Runner"/>
  <testcase name="RetentionforNever" time="13.728" classname="Handzap.TestCases.Runner"/>
</testsuite> <!-- Default test -->
