<?xml version="1.0" encoding="UTF-8"?>
<!-- Generated by org.testng.reporters.JUnitXMLReporter -->
<testsuite hostname="DESKTOP-GF47L8C" ignored="3" name="Test" tests="5" failures="1" timestamp="2020-03-31T17:52:49 IST" time="77.925" errors="0">
  <testcase name="@AfterMethod tearDown" time="0.005" classname="TestUtility.Utility">
    <failure type="java.lang.NullPointerException">
      <![CDATA[java.lang.NullPointerException
at TestUtility.Utility.tearDown(Utility.java:92)
at java.util.ArrayList.forEach(Unknown Source)
... Removed 32 stack frames]]>
    </failure>
  </testcase> <!-- @AfterMethod tearDown -->
  <testcase name="@AfterMethod tearDown" time="-1.585657367543E9" classname="TestUtility.Utility">
    <skipped/>
  </testcase> <!-- @AfterMethod tearDown -->
  <testcase name="@AfterMethod tearDown" time="-1.585657367622E9" classname="TestUtility.Utility">
    <skipped/>
  </testcase> <!-- @AfterMethod tearDown -->
  <testcase name="@AfterMethod tearDown" time="-1.585657367644E9" classname="TestUtility.Utility">
    <skipped/>
  </testcase> <!-- @AfterMethod tearDown -->
  <testcase name="CreateNewPost" time="55.383" classname="NewPostRun.NewPost"/>
  <testcase name="DisableNotificationsforsearch" time="0.007" classname="EditSearch.EditSearchTestCases">
    <failure type="java.lang.NullPointerException">
      <![CDATA[java.lang.NullPointerException
at EditSearch.EditSearchTestCases.DisableNotificationsforsearch(EditSearchTestCases.java:15)
at java.util.ArrayList.forEach(Unknown Source)
... Removed 27 stack frames]]>
    </failure>
  </testcase> <!-- DisableNotificationsforsearch -->
  <testcase name="EnableNotificationsforsearch" time="0.0" classname="EditSearch.EditSearchTestCases">
    <skipped/>
  </testcase> <!-- EnableNotificationsforsearch -->
  <testcase name="Pausesearch" time="0.0" classname="EditSearch.EditSearchTestCases">
    <skipped/>
  </testcase> <!-- Pausesearch -->
  <testcase name="Resumesearch" time="0.0" classname="EditSearch.EditSearchTestCases">
    <skipped/>
  </testcase> <!-- Resumesearch -->
  <testcase name="@BeforeSuite setExtent" time="0.0" classname="TestUtility.Utility">
    <ignored/>
  </testcase> <!-- @BeforeSuite setExtent -->
  <testcase name="@BeforeTest setUp" time="0.0" classname="TestUtility.Utility">
    <ignored/>
  </testcase> <!-- @BeforeTest setUp -->
  <testcase name="@AfterTest endReport" time="0.0" classname="TestUtility.Utility">
    <ignored/>
  </testcase> <!-- @AfterTest endReport -->
</testsuite> <!-- Test -->
